<?xml version="1.0" encoding="UTF-8"?><testsuite errors="1" failures="0" name="Test.VerifcationTests" skipped="0" tests="1" time="7.79" timestamp="2019-01-17T11:21:25.335Z[Europe/London]"><testcase classname="Test.VerifcationTests" name="My first serenity test"><error message="net.serenitybdd.rest.decorators.request.RequestSpecificationDecorated.getDefinedFilters()Ljava/util/List;" type="java.lang.AbstractMethodError">net.serenitybdd.rest.decorators.request.RequestSpecificationDecorated.getDefinedFilters()Ljava/util/List;</error><system-err>net.serenitybdd.rest.decorators.request.RequestSpecificationDecorated.getDefinedFilters()Ljava/util/List;&#13;
net.serenitybdd.rest.utils.RestReportingHelper.recordRestSpecificationData(RestReportingHelper.java:47)&#13;
net.serenitybdd.rest.utils.RestReportingHelper.registerCall(RestReportingHelper.java:67)&#13;
net.serenitybdd.rest.decorators.request.RequestSpecificationDecorated.execute(RequestSpecificationDecorated.java:263)&#13;
net.serenitybdd.rest.decorators.request.RequestSpecificationDecorated.get(RequestSpecificationDecorated.java:48)&#13;
net.serenitybdd.rest.decorators.request.RequestSpecificationDecorated.get(RequestSpecificationDecorated.java:27)&#13;
Step.StepClass.SearchGame(StepClass.java:55)&#13;
Test.VerifcationTests.MyFirstSerenityTest(VerifcationTests.java:19)&#13;
</system-err></testcase></testsuite>