<?xml version="1.0" encoding="UTF-8"?>
<testsuite name="Test.VerifcationTests" time="1.906" tests="5" errors="5" skipped="0" failures="0">
  <properties>
[...]
</properties>
  <testcase name="VideogameJsonMatchesSchema" classname="Test.VerifcationTests" time="1.657">
    <error message="Specification to merge with cannot be null" type="java.lang.IllegalArgumentException">java.lang.IllegalArgumentException: Specification to merge with cannot be null
	at io.restassured.internal.assertion.AssertParameter.notNull(AssertParameter.groovy:26)
	at io.restassured.internal.SpecificationMerger.merge(SpecificationMerger.groovy:92)
	at io.restassured.internal.RequestSpecificationImpl.spec(RequestSpecificationImpl.groovy:1008)
	at Step.StepClass.CallEndpointJSON(StepClass.java:23)
	at Test.VerifcationTests.VideogameJsonMatchesSchema(VerifcationTests.java:48)
</error>
    <system-err><![CDATA[560 [main] INFO net.serenitybdd.core.Serenity - 

-------------------------------------------------------------------------------------
     _______. _______ .______       _______ .__   __.  __  .___________.____    ____ 
    /       ||   ____||   _  \     |   ____||  \ |  | |  | |           |\   \  /   / 
   |   (----`|  |__   |  |_)  |    |  |__   |   \|  | |  | `---|  |----` \   \/   /  
    \   \    |   __|  |      /     |   __|  |  . `  | |  |     |  |       \_    _/   
.----)   |   |  |____ |  |\  \----.|  |____ |  |\   | |  |     |  |         |  |     
|_______/    |_______|| _| `._____||_______||__| \__| |__|     |__|         |__|    
-------------------------------------------------------------------------------------

894 [main] INFO net.serenitybdd.core.Serenity - Test Suite Started: Verifcation tests
1133 [main] INFO net.serenitybdd.core.Serenity - 
 _____ _____ ____ _____   ____ _____  _    ____ _____ _____ ____  
|_   _| ____/ ___|_   _| / ___|_   _|/ \  |  _ \_   _| ____|  _ \ 
  | | |  _| \___ \ | |   \___ \ | | / _ \ | |_) || | |  _| | | | |
  | | | |___ ___) || |    ___) || |/ ___ \|  _ < | | | |___| |_| |
  |_| |_____|____/ |_|   |____/ |_/_/   \_\_| \_\|_| |_____|____/ 
                                                                  

TEST STARTED: VideogameJsonMatchesSchema
-------------------------------------------------------------------
1133 [main] INFO net.serenitybdd.core.Serenity - TEST NUMBER: 1
]]></system-err>
  </testcase>
  <testcase name="VideogamePostRequestJSON" classname="Test.VerifcationTests" time="0.153">
    <error message="Specification to merge with cannot be null" type="java.lang.IllegalArgumentException">java.lang.IllegalArgumentException: Specification to merge with cannot be null
	at io.restassured.internal.assertion.AssertParameter.notNull(AssertParameter.groovy:26)
	at io.restassured.internal.SpecificationMerger.merge(SpecificationMerger.groovy:92)
	at io.restassured.internal.RequestSpecificationImpl.spec(RequestSpecificationImpl.groovy:1008)
	at Step.StepClass.JSONPostGame(StepClass.java:43)
	at Test.VerifcationTests.VideogamePostRequestJSON(VerifcationTests.java:25)
</error>
    <system-err><![CDATA[2548 [main] ERROR net.serenitybdd.core.Serenity - 
           __  _____ _____ ____ _____   _____ _    ___ _     _____ ____  
  _       / / |_   _| ____/ ___|_   _| |  ___/ \  |_ _| |   | ____|  _ \ 
 (_)_____| |    | | |  _| \___ \ | |   | |_ / _ \  | || |   |  _| | | | |
  _|_____| |    | | | |___ ___) || |   |  _/ ___ \ | || |___| |___| |_| |
 (_)     | |    |_| |_____|____/ |_|   |_|/_/   \_\___|_____|_____|____/ 
          \_\                                                            

TEST FAILED WITH ERROR: Videogame json matches schema
---------------------------------------------------------------------
2885 [main] ERROR net.serenitybdd.core.Serenity - TEST FAILED AT STEP Call endpoint JSON: /1
2886 [main] ERROR net.serenitybdd.core.Serenity - Specification to merge with cannot be null
2891 [main] INFO net.serenitybdd.core.Serenity - 
 _____ _____ ____ _____   ____ _____  _    ____ _____ _____ ____  
|_   _| ____/ ___|_   _| / ___|_   _|/ \  |  _ \_   _| ____|  _ \ 
  | | |  _| \___ \ | |   \___ \ | | / _ \ | |_) || | |  _| | | | |
  | | | |___ ___) || |    ___) || |/ ___ \|  _ < | | | |___| |_| |
  |_| |_____|____/ |_|   |____/ |_/_/   \_\_| \_\|_| |_____|____/ 
                                                                  

TEST STARTED: VideogamePostRequestJSON
-------------------------------------------------------------------
2891 [main] INFO net.serenitybdd.core.Serenity - TEST NUMBER: 2
]]></system-err>
  </testcase>
  <testcase name="ExtractVerifyNewGameXML" classname="Test.VerifcationTests" time="0.031">
    <error message="Specification to merge with cannot be null" type="java.lang.IllegalArgumentException">java.lang.IllegalArgumentException: Specification to merge with cannot be null
	at io.restassured.internal.assertion.AssertParameter.notNull(AssertParameter.groovy:26)
	at io.restassured.internal.SpecificationMerger.merge(SpecificationMerger.groovy:92)
	at io.restassured.internal.RequestSpecificationImpl.spec(RequestSpecificationImpl.groovy:1008)
	at Step.StepClass.GetVideogame(StepClass.java:68)
	at Test.VerifcationTests.ExtractVerifyNewGameXML(VerifcationTests.java:62)
</error>
    <system-err><![CDATA[2949 [main] ERROR net.serenitybdd.core.Serenity - 
           __  _____ _____ ____ _____   _____ _    ___ _     _____ ____  
  _       / / |_   _| ____/ ___|_   _| |  ___/ \  |_ _| |   | ____|  _ \ 
 (_)_____| |    | | |  _| \___ \ | |   | |_ / _ \  | || |   |  _| | | | |
  _|_____| |    | | | |___ ___) || |   |  _/ ___ \ | || |___| |___| |_| |
 (_)     | |    |_| |_____|____/ |_|   |_|/_/   \_\___|_____|_____|____/ 
          \_\                                                            

TEST FAILED WITH ERROR: Videogame post request JSON
---------------------------------------------------------------------
2950 [main] ERROR net.serenitybdd.core.Serenity - TEST FAILED AT STEP JSON post game: { "id": 12, "name": "PacMan 2", "releaseDate": "2018-12-21T16:29:45.912Z", "reviewScore": 99, "category": "Action", "rating": "Pg16" }
2950 [main] ERROR net.serenitybdd.core.Serenity - Specification to merge with cannot be null
2954 [main] INFO net.serenitybdd.core.Serenity - 
 _____ _____ ____ _____   ____ _____  _    ____ _____ _____ ____  
|_   _| ____/ ___|_   _| / ___|_   _|/ \  |  _ \_   _| ____|  _ \ 
  | | |  _| \___ \ | |   \___ \ | | / _ \ | |_) || | |  _| | | | |
  | | | |___ ___) || |    ___) || |/ ___ \|  _ < | | | |___| |_| |
  |_| |_____|____/ |_|   |____/ |_/_/   \_\_| \_\|_| |_____|____/ 
                                                                  

TEST STARTED: ExtractVerifyNewGameXML
-------------------------------------------------------------------
2954 [main] INFO net.serenitybdd.core.Serenity - TEST NUMBER: 3
]]></system-err>
  </testcase>
  <testcase name="VideogamePostRequestXml" classname="Test.VerifcationTests" time="0.04">
    <error message="Specification to merge with cannot be null" type="java.lang.IllegalArgumentException">java.lang.IllegalArgumentException: Specification to merge with cannot be null
	at io.restassured.internal.assertion.AssertParameter.notNull(AssertParameter.groovy:26)
	at io.restassured.internal.SpecificationMerger.merge(SpecificationMerger.groovy:92)
	at io.restassured.internal.RequestSpecificationImpl.spec(RequestSpecificationImpl.groovy:1008)
	at Step.StepClass.XMLPostGame(StepClass.java:48)
	at Test.VerifcationTests.VideogamePostRequestXml(VerifcationTests.java:39)
</error>
    <system-err><![CDATA[2985 [main] ERROR net.serenitybdd.core.Serenity - 
           __  _____ _____ ____ _____   _____ _    ___ _     _____ ____  
  _       / / |_   _| ____/ ___|_   _| |  ___/ \  |_ _| |   | ____|  _ \ 
 (_)_____| |    | | |  _| \___ \ | |   | |_ / _ \  | || |   |  _| | | | |
  _|_____| |    | | | |___ ___) || |   |  _/ ___ \ | || |___| |___| |_| |
 (_)     | |    |_| |_____|____/ |_|   |_|/_/   \_\___|_____|_____|____/ 
          \_\                                                            

TEST FAILED WITH ERROR: Extract verify new game XML
---------------------------------------------------------------------
2986 [main] ERROR net.serenitybdd.core.Serenity - TEST FAILED AT STEP Get videogame: PacMan, PacMan
2986 [main] ERROR net.serenitybdd.core.Serenity - Specification to merge with cannot be null
3001 [main] INFO net.serenitybdd.core.Serenity - 
 _____ _____ ____ _____   ____ _____  _    ____ _____ _____ ____  
|_   _| ____/ ___|_   _| / ___|_   _|/ \  |  _ \_   _| ____|  _ \ 
  | | |  _| \___ \ | |   \___ \ | | / _ \ | |_) || | |  _| | | | |
  | | | |___ ___) || |    ___) || |/ ___ \|  _ < | | | |___| |_| |
  |_| |_____|____/ |_|   |____/ |_/_/   \_\_| \_\|_| |_____|____/ 
                                                                  

TEST STARTED: VideogamePostRequestXml
-------------------------------------------------------------------
3001 [main] INFO net.serenitybdd.core.Serenity - TEST NUMBER: 4
]]></system-err>
  </testcase>
  <testcase name="VideogameXmlMatchesSchema" classname="Test.VerifcationTests" time="0.025">
    <error message="Specification to merge with cannot be null" type="java.lang.IllegalArgumentException">java.lang.IllegalArgumentException: Specification to merge with cannot be null
	at io.restassured.internal.assertion.AssertParameter.notNull(AssertParameter.groovy:26)
	at io.restassured.internal.SpecificationMerger.merge(SpecificationMerger.groovy:92)
	at io.restassured.internal.RequestSpecificationImpl.spec(RequestSpecificationImpl.groovy:1008)
	at Step.StepClass.CallEndpointXML(StepClass.java:33)
	at Test.VerifcationTests.VideogameXmlMatchesSchema(VerifcationTests.java:55)
</error>
    <system-err><![CDATA[3032 [main] ERROR net.serenitybdd.core.Serenity - 
           __  _____ _____ ____ _____   _____ _    ___ _     _____ ____  
  _       / / |_   _| ____/ ___|_   _| |  ___/ \  |_ _| |   | ____|  _ \ 
 (_)_____| |    | | |  _| \___ \ | |   | |_ / _ \  | || |   |  _| | | | |
  _|_____| |    | | | |___ ___) || |   |  _/ ___ \ | || |___| |___| |_| |
 (_)     | |    |_| |_____|____/ |_|   |_|/_/   \_\___|_____|_____|____/ 
          \_\                                                            

TEST FAILED WITH ERROR: Videogame post request xml
---------------------------------------------------------------------
3037 [main] ERROR net.serenitybdd.core.Serenity - TEST FAILED AT STEP XML post game: 11 PacMan 2003-15-01T00:00:00+01:00 89
3038 [main] ERROR net.serenitybdd.core.Serenity - Specification to merge with cannot be null
3042 [main] INFO net.serenitybdd.core.Serenity - 
 _____ _____ ____ _____   ____ _____  _    ____ _____ _____ ____  
|_   _| ____/ ___|_   _| / ___|_   _|/ \  |  _ \_   _| ____|  _ \ 
  | | |  _| \___ \ | |   \___ \ | | / _ \ | |_) || | |  _| | | | |
  | | | |___ ___) || |    ___) || |/ ___ \|  _ < | | | |___| |_| |
  |_| |_____|____/ |_|   |____/ |_/_/   \_\_| \_\|_| |_____|____/ 
                                                                  

TEST STARTED: VideogameXmlMatchesSchema
-------------------------------------------------------------------
3043 [main] INFO net.serenitybdd.core.Serenity - TEST NUMBER: 5
]]></system-err>
  </testcase>
</testsuite>